{"/Users/xiangli/Documents/Personal/CryptoDash/src/helpers/priceHelper.js": {"path":"/Users/xiangli/Documents/Personal/CryptoDash/src/helpers/priceHelper.js","statementMap":{"0":{"start":{"line":1,"column":29},"end":{"line":35,"column":1}},"1":{"start":{"line":3,"column":15},"end":{"line":11,"column":3}},"2":{"start":{"line":13,"column":18},"end":{"line":13,"column":33}},"3":{"start":{"line":15,"column":21},"end":{"line":32,"column":4}},"4":{"start":{"line":16,"column":4},"end":{"line":31,"column":5}},"5":{"start":{"line":18,"column":20},"end":{"line":18,"column":27}},"6":{"start":{"line":19,"column":26},"end":{"line":19,"column":43}},"7":{"start":{"line":20,"column":30},"end":{"line":20,"column":74}},"8":{"start":{"line":21,"column":6},"end":{"line":21,"column":24}},"9":{"start":{"line":23,"column":22},"end":{"line":23,"column":39}},"10":{"start":{"line":24,"column":19},"end":{"line":24,"column":71}},"11":{"start":{"line":25,"column":18},"end":{"line":25,"column":40}},"12":{"start":{"line":26,"column":19},"end":{"line":26,"column":47}},"13":{"start":{"line":28,"column":6},"end":{"line":28,"column":69}},"14":{"start":{"line":30,"column":6},"end":{"line":30,"column":18}},"15":{"start":{"line":34,"column":2},"end":{"line":34,"column":39}}},"fnMap":{"0":{"name":"(anonymous_0)","decl":{"start":{"line":1,"column":29},"end":{"line":1,"column":30}},"loc":{"start":{"line":1,"column":44},"end":{"line":35,"column":1}},"line":1},"1":{"name":"(anonymous_1)","decl":{"start":{"line":15,"column":35},"end":{"line":15,"column":36}},"loc":{"start":{"line":15,"column":52},"end":{"line":32,"column":3}},"line":15}},"branchMap":{"0":{"loc":{"start":{"line":16,"column":4},"end":{"line":31,"column":5}},"type":"if","locations":[{"start":{"line":16,"column":4},"end":{"line":31,"column":5}},{"start":{"line":29,"column":11},"end":{"line":31,"column":5}}],"line":16}},"s":{"0":2,"1":0,"2":0,"3":0,"4":0,"5":0,"6":0,"7":0,"8":0,"9":0,"10":0,"11":0,"12":0,"13":0,"14":0,"15":0},"f":{"0":0,"1":0},"b":{"0":[0,0]},"_coverageSchema":"1a1c01bbd47fc00a2c39e90264f33305004495a9","hash":"c8894f943cf9c7ce3294146cdab69baa6deaba54"}
,"/Users/xiangli/Documents/Personal/CryptoDash/src/redux/actions/index.js": {"path":"/Users/xiangli/Documents/Personal/CryptoDash/src/redux/actions/index.js","statementMap":{"0":{"start":{"line":4,"column":30},"end":{"line":9,"column":1}},"1":{"start":{"line":5,"column":2},"end":{"line":8,"column":3}},"2":{"start":{"line":11,"column":26},"end":{"line":16,"column":1}},"3":{"start":{"line":12,"column":2},"end":{"line":15,"column":3}},"4":{"start":{"line":18,"column":24},"end":{"line":23,"column":1}},"5":{"start":{"line":19,"column":2},"end":{"line":22,"column":3}},"6":{"start":{"line":25,"column":27},"end":{"line":40,"column":1}},"7":{"start":{"line":27,"column":2},"end":{"line":39,"column":3}},"8":{"start":{"line":28,"column":4},"end":{"line":38,"column":9}},"9":{"start":{"line":33,"column":26},"end":{"line":33,"column":41}},"10":{"start":{"line":34,"column":8},"end":{"line":34,"column":45}},"11":{"start":{"line":37,"column":8},"end":{"line":37,"column":25}}},"fnMap":{"0":{"name":"(anonymous_0)","decl":{"start":{"line":4,"column":30},"end":{"line":4,"column":31}},"loc":{"start":{"line":4,"column":44},"end":{"line":9,"column":1}},"line":4},"1":{"name":"(anonymous_1)","decl":{"start":{"line":11,"column":26},"end":{"line":11,"column":27}},"loc":{"start":{"line":11,"column":36},"end":{"line":16,"column":1}},"line":11},"2":{"name":"(anonymous_2)","decl":{"start":{"line":18,"column":24},"end":{"line":18,"column":25}},"loc":{"start":{"line":18,"column":39},"end":{"line":23,"column":1}},"line":18},"3":{"name":"(anonymous_3)","decl":{"start":{"line":25,"column":27},"end":{"line":25,"column":28}},"loc":{"start":{"line":25,"column":47},"end":{"line":40,"column":1}},"line":25},"4":{"name":"(anonymous_4)","decl":{"start":{"line":27,"column":9},"end":{"line":27,"column":10}},"loc":{"start":{"line":27,"column":29},"end":{"line":39,"column":3}},"line":27},"5":{"name":"(anonymous_5)","decl":{"start":{"line":32,"column":12},"end":{"line":32,"column":13}},"loc":{"start":{"line":32,"column":21},"end":{"line":35,"column":7}},"line":32},"6":{"name":"(anonymous_6)","decl":{"start":{"line":36,"column":13},"end":{"line":36,"column":14}},"loc":{"start":{"line":36,"column":20},"end":{"line":38,"column":7}},"line":36}},"branchMap":{},"s":{"0":2,"1":0,"2":2,"3":0,"4":2,"5":0,"6":2,"7":0,"8":0,"9":0,"10":0,"11":0},"f":{"0":0,"1":0,"2":0,"3":0,"4":0,"5":0,"6":0},"b":{},"_coverageSchema":"1a1c01bbd47fc00a2c39e90264f33305004495a9","hash":"408a0ac8e1fb97d64910bec12610e89aa357218b"}
,"/Users/xiangli/Documents/Personal/CryptoDash/src/redux/reducers/coin.js": {"path":"/Users/xiangli/Documents/Personal/CryptoDash/src/redux/reducers/coin.js","statementMap":{"0":{"start":{"line":1,"column":19},"end":{"line":8,"column":1}},"1":{"start":{"line":10,"column":20},"end":{"line":18,"column":1}},"2":{"start":{"line":12,"column":2},"end":{"line":17,"column":3}},"3":{"start":{"line":14,"column":6},"end":{"line":14,"column":35}},"4":{"start":{"line":16,"column":6},"end":{"line":16,"column":19}}},"fnMap":{"0":{"name":"(anonymous_0)","decl":{"start":{"line":10,"column":20},"end":{"line":10,"column":21}},"loc":{"start":{"line":10,"column":52},"end":{"line":18,"column":1}},"line":10}},"branchMap":{"0":{"loc":{"start":{"line":10,"column":21},"end":{"line":10,"column":39}},"type":"default-arg","locations":[{"start":{"line":10,"column":29},"end":{"line":10,"column":39}}],"line":10},"1":{"loc":{"start":{"line":12,"column":2},"end":{"line":17,"column":3}},"type":"switch","locations":[{"start":{"line":13,"column":4},"end":{"line":14,"column":35}},{"start":{"line":15,"column":4},"end":{"line":16,"column":19}}],"line":12}},"s":{"0":2,"1":2,"2":6,"3":0,"4":6},"f":{"0":6},"b":{"0":[6],"1":[0,6]},"_coverageSchema":"1a1c01bbd47fc00a2c39e90264f33305004495a9","hash":"960d0c1470bcbd8e14262ae4deba528767364420"}
,"/Users/xiangli/Documents/Personal/CryptoDash/src/redux/reducers/currency.js": {"path":"/Users/xiangli/Documents/Personal/CryptoDash/src/redux/reducers/currency.js","statementMap":{"0":{"start":{"line":1,"column":24},"end":{"line":9,"column":1}},"1":{"start":{"line":3,"column":2},"end":{"line":8,"column":3}},"2":{"start":{"line":5,"column":6},"end":{"line":5,"column":28}},"3":{"start":{"line":7,"column":6},"end":{"line":7,"column":19}}},"fnMap":{"0":{"name":"(anonymous_0)","decl":{"start":{"line":1,"column":24},"end":{"line":1,"column":25}},"loc":{"start":{"line":1,"column":51},"end":{"line":9,"column":1}},"line":1}},"branchMap":{"0":{"loc":{"start":{"line":1,"column":25},"end":{"line":1,"column":38}},"type":"default-arg","locations":[{"start":{"line":1,"column":33},"end":{"line":1,"column":38}}],"line":1},"1":{"loc":{"start":{"line":3,"column":2},"end":{"line":8,"column":3}},"type":"switch","locations":[{"start":{"line":4,"column":4},"end":{"line":5,"column":28}},{"start":{"line":6,"column":4},"end":{"line":7,"column":19}}],"line":3}},"s":{"0":2,"1":6,"2":0,"3":6},"f":{"0":6},"b":{"0":[6],"1":[0,6]},"_coverageSchema":"1a1c01bbd47fc00a2c39e90264f33305004495a9","hash":"ca766328c208dc2c48c61cbf82fcf5638defb40c"}
,"/Users/xiangli/Documents/Personal/CryptoDash/src/redux/reducers/index.js": {"path":"/Users/xiangli/Documents/Personal/CryptoDash/src/redux/reducers/index.js","statementMap":{"0":{"start":{"line":6,"column":20},"end":{"line":10,"column":2}}},"fnMap":{},"branchMap":{},"s":{"0":2},"f":{},"b":{},"_coverageSchema":"1a1c01bbd47fc00a2c39e90264f33305004495a9","hash":"6bedc9166ee77f41a05ddae2db75725212cde374"}
,"/Users/xiangli/Documents/Personal/CryptoDash/src/redux/reducers/priceData.js": {"path":"/Users/xiangli/Documents/Personal/CryptoDash/src/redux/reducers/priceData.js","statementMap":{"0":{"start":{"line":1,"column":25},"end":{"line":9,"column":1}},"1":{"start":{"line":3,"column":2},"end":{"line":8,"column":3}},"2":{"start":{"line":5,"column":6},"end":{"line":5,"column":33}},"3":{"start":{"line":7,"column":6},"end":{"line":7,"column":19}}},"fnMap":{"0":{"name":"(anonymous_0)","decl":{"start":{"line":1,"column":25},"end":{"line":1,"column":26}},"loc":{"start":{"line":1,"column":49},"end":{"line":9,"column":1}},"line":1}},"branchMap":{"0":{"loc":{"start":{"line":1,"column":26},"end":{"line":1,"column":36}},"type":"default-arg","locations":[{"start":{"line":1,"column":34},"end":{"line":1,"column":36}}],"line":1},"1":{"loc":{"start":{"line":3,"column":2},"end":{"line":8,"column":3}},"type":"switch","locations":[{"start":{"line":4,"column":4},"end":{"line":5,"column":33}},{"start":{"line":6,"column":4},"end":{"line":7,"column":19}}],"line":3}},"s":{"0":2,"1":6,"2":0,"3":6},"f":{"0":6},"b":{"0":[6],"1":[0,6]},"_coverageSchema":"1a1c01bbd47fc00a2c39e90264f33305004495a9","hash":"1be095db15840894a489bf2e1c2c7fadc0aa4489"}
}
