TN:
SF:src/helpers/priceHelper.js
FN:1,(anonymous_0)
FN:14,(anonymous_1)
FNF:2
FNH:0
FNDA:0,(anonymous_0)
FNDA:0,(anonymous_1)
DA:1,0
DA:2,0
DA:12,0
DA:14,0
DA:15,0
DA:17,0
DA:18,0
DA:19,0
DA:20,0
DA:22,0
DA:23,0
DA:24,0
DA:26,0
DA:28,0
DA:33,0
LF:15
LH:0
BRDA:15,0,0,0
BRDA:15,0,1,0
BRF:2
BRH:0
end_of_record
TN:
SF:src/redux/actions/index.js
FN:3,(anonymous_0)
FN:10,(anonymous_1)
FN:17,(anonymous_2)
FN:24,(anonymous_3)
FN:26,(anonymous_4)
FN:31,(anonymous_5)
FN:35,(anonymous_6)
FNF:7
FNH:0
FNDA:0,(anonymous_0)
FNDA:0,(anonymous_1)
FNDA:0,(anonymous_2)
FNDA:0,(anonymous_3)
FNDA:0,(anonymous_4)
FNDA:0,(anonymous_5)
FNDA:0,(anonymous_6)
DA:3,1
DA:4,0
DA:10,1
DA:11,0
DA:17,1
DA:18,0
DA:24,1
DA:26,0
DA:27,0
DA:32,0
DA:33,0
DA:36,0
LF:12
LH:4
BRF:0
BRH:0
end_of_record
TN:
SF:src/redux/reducers/coin.js
FN:10,(anonymous_0)
FNF:1
FNH:1
FNDA:3,(anonymous_0)
DA:1,1
DA:10,1
DA:12,3
DA:14,0
DA:16,3
LF:5
LH:4
BRDA:10,0,0,3
BRDA:12,1,0,0
BRDA:12,1,1,3
BRF:3
BRH:2
end_of_record
TN:
SF:src/redux/reducers/currency.js
FN:1,(anonymous_0)
FNF:1
FNH:1
FNDA:3,(anonymous_0)
DA:1,1
DA:3,3
DA:5,0
DA:7,3
LF:4
LH:3
BRDA:1,0,0,3
BRDA:3,1,0,0
BRDA:3,1,1,3
BRF:3
BRH:2
end_of_record
TN:
SF:src/redux/reducers/index.js
FNF:0
FNH:0
DA:6,1
LF:1
LH:1
BRF:0
BRH:0
end_of_record
TN:
SF:src/redux/reducers/priceData.js
FN:1,(anonymous_0)
FNF:1
FNH:1
FNDA:3,(anonymous_0)
DA:1,1
DA:3,3
DA:5,0
DA:7,3
LF:4
LH:3
BRDA:1,0,0,3
BRDA:3,1,0,0
BRDA:3,1,1,3
BRF:3
BRH:2
end_of_record
