TN:
SF:src/helpers/priceHelper.js
FN:1,(anonymous_0)
FN:15,(anonymous_1)
FNF:2
FNH:0
FNDA:0,(anonymous_0)
FNDA:0,(anonymous_1)
DA:1,2
DA:3,0
DA:13,0
DA:15,0
DA:16,0
DA:18,0
DA:19,0
DA:20,0
DA:21,0
DA:23,0
DA:24,0
DA:25,0
DA:26,0
DA:28,0
DA:30,0
DA:34,0
LF:16
LH:1
BRDA:16,0,0,0
BRDA:16,0,1,0
BRF:2
BRH:0
end_of_record
TN:
SF:src/redux/actions/index.js
FN:4,(anonymous_0)
FN:11,(anonymous_1)
FN:18,(anonymous_2)
FN:25,(anonymous_3)
FN:27,(anonymous_4)
FN:32,(anonymous_5)
FN:36,(anonymous_6)
FNF:7
FNH:0
FNDA:0,(anonymous_0)
FNDA:0,(anonymous_1)
FNDA:0,(anonymous_2)
FNDA:0,(anonymous_3)
FNDA:0,(anonymous_4)
FNDA:0,(anonymous_5)
FNDA:0,(anonymous_6)
DA:4,2
DA:5,0
DA:11,2
DA:12,0
DA:18,2
DA:19,0
DA:25,2
DA:27,0
DA:28,0
DA:33,0
DA:34,0
DA:37,0
LF:12
LH:4
BRF:0
BRH:0
end_of_record
TN:
SF:src/redux/reducers/coin.js
FN:10,(anonymous_0)
FNF:1
FNH:1
FNDA:6,(anonymous_0)
DA:1,2
DA:10,2
DA:12,6
DA:14,0
DA:16,6
LF:5
LH:4
BRDA:10,0,0,6
BRDA:12,1,0,0
BRDA:12,1,1,6
BRF:3
BRH:2
end_of_record
TN:
SF:src/redux/reducers/currency.js
FN:1,(anonymous_0)
FNF:1
FNH:1
FNDA:6,(anonymous_0)
DA:1,2
DA:3,6
DA:5,0
DA:7,6
LF:4
LH:3
BRDA:1,0,0,6
BRDA:3,1,0,0
BRDA:3,1,1,6
BRF:3
BRH:2
end_of_record
TN:
SF:src/redux/reducers/index.js
FNF:0
FNH:0
DA:6,2
LF:1
LH:1
BRF:0
BRH:0
end_of_record
TN:
SF:src/redux/reducers/priceData.js
FN:1,(anonymous_0)
FNF:1
FNH:1
FNDA:6,(anonymous_0)
DA:1,2
DA:3,6
DA:5,0
DA:7,6
LF:4
LH:3
BRDA:1,0,0,6
BRDA:3,1,0,0
BRDA:3,1,1,6
BRF:3
BRH:2
end_of_record
